2019-07-30 07:15:46,521 [Worker-3: Loading available Gradle versions] INFO  c.g.t.t.d.PublishedGradleVersions - Gradle version information cache is up-to-date. Trying to read.
2019-07-30 07:28:56,472 [Worker-8: Importing Maven projects] INFO  o.e.m.c.i.l.LifecycleMappingFactory - Using org.eclipse.m2e.jdt.JarLifecycleMapping lifecycle mapping for MavenProject: com.purplewisteria:hello_world_app:1.0 @ G:\Java Programming\Software Tools Setup &  First Steps\hello_world_app\pom.xml.
2019-07-30 07:29:00,603 [Worker-8: Importing Maven projects] INFO  o.e.m.j.i.AbstractJavaProjectConfigurator - Adding source folder /hello_world_app/src/main/java
2019-07-30 07:29:00,604 [Worker-8: Importing Maven projects] INFO  o.e.m.j.i.AbstractJavaProjectConfigurator - Adding source folder /hello_world_app/src/test/java
2019-07-30 07:29:00,966 [Worker-8: Importing Maven projects] INFO  o.e.m.c.i.p.ProjectConfigurationManager - Imported and configured 1 project(s) in 25 sec
2019-07-30 07:29:03,803 [Worker-17: Building workspace] INFO  o.e.m.c.i.embedder.EclipseLogger - Using 'UTF-8' encoding to copy filtered resources.
2019-07-30 07:29:03,803 [Worker-17: Building workspace] INFO  o.e.m.c.i.embedder.EclipseLogger - skip non existing resourceDirectory G:\Java Programming\Software Tools Setup &  First Steps\hello_world_app\src\main\resources
2019-07-30 07:29:03,806 [Worker-17: Building workspace] INFO  o.e.m.c.i.embedder.EclipseLogger - Using 'UTF-8' encoding to copy filtered resources.
2019-07-30 07:29:03,807 [Worker-17: Building workspace] INFO  o.e.m.c.i.embedder.EclipseLogger - skip non existing resourceDirectory G:\Java Programming\Software Tools Setup &  First Steps\hello_world_app\src\test\resources
2019-07-30 07:40:07,746 [Worker-14: Building workspace] INFO  o.e.m.c.i.embedder.EclipseLogger - Using 'UTF-8' encoding to copy filtered resources.
2019-07-30 07:40:07,746 [Worker-14: Building workspace] INFO  o.e.m.c.i.embedder.EclipseLogger - skip non existing resourceDirectory G:\Java Programming\Software Tools Setup &  First Steps\hello_world_app\src\main\resources
2019-07-30 07:40:07,748 [Worker-14: Building workspace] INFO  o.e.m.c.i.embedder.EclipseLogger - Using 'UTF-8' encoding to copy filtered resources.
2019-07-30 07:40:07,748 [Worker-14: Building workspace] INFO  o.e.m.c.i.embedder.EclipseLogger - skip non existing resourceDirectory G:\Java Programming\Software Tools Setup &  First Steps\hello_world_app\src\test\resources
2019-07-30 07:40:14,676 [Worker-21: Rebuilding] INFO  o.e.m.c.i.embedder.EclipseLogger - Using 'UTF-8' encoding to copy filtered resources.
2019-07-30 07:40:14,676 [Worker-21: Rebuilding] INFO  o.e.m.c.i.embedder.EclipseLogger - skip non existing resourceDirectory G:\Java Programming\Software Tools Setup &  First Steps\hello_world_app\src\main\resources
2019-07-30 07:40:14,677 [Worker-21: Rebuilding] INFO  o.e.m.c.i.embedder.EclipseLogger - Using 'UTF-8' encoding to copy filtered resources.
2019-07-30 07:40:14,678 [Worker-21: Rebuilding] INFO  o.e.m.c.i.embedder.EclipseLogger - skip non existing resourceDirectory G:\Java Programming\Software Tools Setup &  First Steps\hello_world_app\src\test\resources
2019-07-30 07:40:45,858 [Worker-20: Importing Maven projects] INFO  o.e.m.c.i.l.LifecycleMappingFactory - Using org.eclipse.m2e.jdt.JarLifecycleMapping lifecycle mapping for MavenProject: com.purplewisteria:VariablesDatatypesOperators:1.1 @ G:\Java Programming\Software Tools Setup &  First Steps\variables_datatypes_operators\pom.xml.
2019-07-30 07:40:46,790 [Worker-20: Importing Maven projects] INFO  o.e.m.j.i.AbstractJavaProjectConfigurator - Adding source folder /variables_datatypes_operators/src/main/java
2019-07-30 07:40:46,793 [Worker-20: Importing Maven projects] INFO  o.e.m.j.i.AbstractJavaProjectConfigurator - Adding source folder /variables_datatypes_operators/src/test/java
2019-07-30 07:40:46,943 [Worker-20: Importing Maven projects] INFO  o.e.m.c.i.p.ProjectConfigurationManager - Imported and configured 1 project(s) in 8 sec
2019-07-30 07:40:48,403 [Worker-14: Building workspace] INFO  o.e.m.c.i.embedder.EclipseLogger - Using 'UTF-8' encoding to copy filtered resources.
2019-07-30 07:40:48,404 [Worker-14: Building workspace] INFO  o.e.m.c.i.embedder.EclipseLogger - skip non existing resourceDirectory G:\Java Programming\Software Tools Setup &  First Steps\variables_datatypes_operators\src\main\resources
2019-07-30 07:40:48,406 [Worker-14: Building workspace] INFO  o.e.m.c.i.embedder.EclipseLogger - Using 'UTF-8' encoding to copy filtered resources.
2019-07-30 07:40:48,407 [Worker-14: Building workspace] INFO  o.e.m.c.i.embedder.EclipseLogger - skip non existing resourceDirectory G:\Java Programming\Software Tools Setup &  First Steps\variables_datatypes_operators\src\test\resources
2019-07-30 07:41:19,720 [Worker-21: Building workspace] INFO  o.e.m.c.i.embedder.EclipseLogger - Using 'UTF-8' encoding to copy filtered resources.
2019-07-30 07:41:19,720 [Worker-21: Building workspace] INFO  o.e.m.c.i.embedder.EclipseLogger - skip non existing resourceDirectory G:\Java Programming\Software Tools Setup &  First Steps\variables_datatypes_operators\src\main\resources
2019-07-30 07:41:19,722 [Worker-21: Building workspace] INFO  o.e.m.c.i.embedder.EclipseLogger - Using 'UTF-8' encoding to copy filtered resources.
2019-07-30 07:41:19,722 [Worker-21: Building workspace] INFO  o.e.m.c.i.embedder.EclipseLogger - skip non existing resourceDirectory G:\Java Programming\Software Tools Setup &  First Steps\variables_datatypes_operators\src\test\resources
2019-07-30 07:41:25,270 [Worker-20: Rebuilding] INFO  o.e.m.c.i.embedder.EclipseLogger - Using 'UTF-8' encoding to copy filtered resources.
2019-07-30 07:41:25,271 [Worker-20: Rebuilding] INFO  o.e.m.c.i.embedder.EclipseLogger - skip non existing resourceDirectory G:\Java Programming\Software Tools Setup &  First Steps\variables_datatypes_operators\src\main\resources
2019-07-30 07:41:25,272 [Worker-20: Rebuilding] INFO  o.e.m.c.i.embedder.EclipseLogger - Using 'UTF-8' encoding to copy filtered resources.
2019-07-30 07:41:25,273 [Worker-20: Rebuilding] INFO  o.e.m.c.i.embedder.EclipseLogger - skip non existing resourceDirectory G:\Java Programming\Software Tools Setup &  First Steps\variables_datatypes_operators\src\test\resources
2019-07-30 07:41:41,605 [Worker-18: Importing Maven projects] INFO  o.e.m.c.i.l.LifecycleMappingFactory - Using org.eclipse.m2e.jdt.JarLifecycleMapping lifecycle mapping for MavenProject: com.purplewisteria:ControlFlow:0.0.1-SNAPSHOT @ G:\Java Programming\Software Tools Setup &  First Steps\ControlFlow\pom.xml.
2019-07-30 07:41:41,749 [Worker-18: Importing Maven projects] INFO  o.e.m.j.i.AbstractJavaProjectConfigurator - Adding source folder /ControlFlow/src/main/java
2019-07-30 07:41:41,750 [Worker-18: Importing Maven projects] INFO  o.e.m.j.i.AbstractJavaProjectConfigurator - Adding source folder /ControlFlow/src/test/java
2019-07-30 07:41:41,844 [Worker-18: Importing Maven projects] INFO  o.e.m.c.i.p.ProjectConfigurationManager - Imported and configured 1 project(s) in 0 sec
2019-07-30 07:41:42,874 [Worker-18: Building workspace] INFO  o.e.m.c.i.embedder.EclipseLogger - Using 'UTF-8' encoding to copy filtered resources.
2019-07-30 07:41:42,874 [Worker-18: Building workspace] INFO  o.e.m.c.i.embedder.EclipseLogger - skip non existing resourceDirectory G:\Java Programming\Software Tools Setup &  First Steps\ControlFlow\src\main\resources
2019-07-30 07:41:42,876 [Worker-18: Building workspace] INFO  o.e.m.c.i.embedder.EclipseLogger - Using 'UTF-8' encoding to copy filtered resources.
2019-07-30 07:41:42,876 [Worker-18: Building workspace] INFO  o.e.m.c.i.embedder.EclipseLogger - skip non existing resourceDirectory G:\Java Programming\Software Tools Setup &  First Steps\ControlFlow\src\test\resources
2019-07-30 07:42:17,401 [Worker-17: Building workspace] INFO  o.e.m.c.i.embedder.EclipseLogger - Using 'UTF-8' encoding to copy filtered resources.
2019-07-30 07:42:17,402 [Worker-17: Building workspace] INFO  o.e.m.c.i.embedder.EclipseLogger - skip non existing resourceDirectory G:\Java Programming\Software Tools Setup &  First Steps\ControlFlow\src\main\resources
2019-07-30 07:42:17,406 [Worker-17: Building workspace] INFO  o.e.m.c.i.embedder.EclipseLogger - Using 'UTF-8' encoding to copy filtered resources.
2019-07-30 07:42:17,406 [Worker-17: Building workspace] INFO  o.e.m.c.i.embedder.EclipseLogger - skip non existing resourceDirectory G:\Java Programming\Software Tools Setup &  First Steps\ControlFlow\src\test\resources
2019-07-30 07:42:23,013 [Worker-20: Rebuilding] INFO  o.e.m.c.i.embedder.EclipseLogger - Using 'UTF-8' encoding to copy filtered resources.
2019-07-30 07:42:23,013 [Worker-20: Rebuilding] INFO  o.e.m.c.i.embedder.EclipseLogger - skip non existing resourceDirectory G:\Java Programming\Software Tools Setup &  First Steps\ControlFlow\src\main\resources
2019-07-30 07:42:23,015 [Worker-20: Rebuilding] INFO  o.e.m.c.i.embedder.EclipseLogger - Using 'UTF-8' encoding to copy filtered resources.
2019-07-30 07:42:23,015 [Worker-20: Rebuilding] INFO  o.e.m.c.i.embedder.EclipseLogger - skip non existing resourceDirectory G:\Java Programming\Software Tools Setup &  First Steps\ControlFlow\src\test\resources
2019-07-30 07:42:38,526 [Worker-14: Importing Maven projects] INFO  o.e.m.c.i.l.LifecycleMappingFactory - Using org.eclipse.m2e.jdt.JarLifecycleMapping lifecycle mapping for MavenProject: com.purplewisteria:ExpressionsStatementsBlocksMethods:0.0.1-SNAPSHOT @ G:\Java Programming\Software Tools Setup &  First Steps\expressions_statements_blocks_methods\pom.xml.
2019-07-30 07:42:38,724 [Worker-14: Importing Maven projects] INFO  o.e.m.j.i.AbstractJavaProjectConfigurator - Adding source folder /expressions_statements_blocks_methods/src/main/java
2019-07-30 07:42:38,725 [Worker-14: Importing Maven projects] INFO  o.e.m.j.i.AbstractJavaProjectConfigurator - Adding source folder /expressions_statements_blocks_methods/src/test/java
2019-07-30 07:42:38,794 [Worker-14: Importing Maven projects] INFO  o.e.m.c.i.p.ProjectConfigurationManager - Imported and configured 1 project(s) in 0 sec
2019-07-30 07:42:39,684 [Worker-19: Building workspace] INFO  o.e.m.c.i.embedder.EclipseLogger - Using 'UTF-8' encoding to copy filtered resources.
2019-07-30 07:42:39,684 [Worker-19: Building workspace] INFO  o.e.m.c.i.embedder.EclipseLogger - skip non existing resourceDirectory G:\Java Programming\Software Tools Setup &  First Steps\expressions_statements_blocks_methods\src\main\resources
2019-07-30 07:42:39,686 [Worker-19: Building workspace] INFO  o.e.m.c.i.embedder.EclipseLogger - Using 'UTF-8' encoding to copy filtered resources.
2019-07-30 07:42:39,686 [Worker-19: Building workspace] INFO  o.e.m.c.i.embedder.EclipseLogger - skip non existing resourceDirectory G:\Java Programming\Software Tools Setup &  First Steps\expressions_statements_blocks_methods\src\test\resources
2019-07-30 07:43:15,248 [Worker-18: Building workspace] INFO  o.e.m.c.i.embedder.EclipseLogger - Using 'UTF-8' encoding to copy filtered resources.
2019-07-30 07:43:15,248 [Worker-18: Building workspace] INFO  o.e.m.c.i.embedder.EclipseLogger - skip non existing resourceDirectory G:\Java Programming\Software Tools Setup &  First Steps\expressions_statements_blocks_methods\src\main\resources
2019-07-30 07:43:15,249 [Worker-18: Building workspace] INFO  o.e.m.c.i.embedder.EclipseLogger - Using 'UTF-8' encoding to copy filtered resources.
2019-07-30 07:43:15,250 [Worker-18: Building workspace] INFO  o.e.m.c.i.embedder.EclipseLogger - skip non existing resourceDirectory G:\Java Programming\Software Tools Setup &  First Steps\expressions_statements_blocks_methods\src\test\resources
2019-07-30 07:43:20,259 [Worker-14: Rebuilding] INFO  o.e.m.c.i.embedder.EclipseLogger - Using 'UTF-8' encoding to copy filtered resources.
2019-07-30 07:43:20,260 [Worker-14: Rebuilding] INFO  o.e.m.c.i.embedder.EclipseLogger - skip non existing resourceDirectory G:\Java Programming\Software Tools Setup &  First Steps\expressions_statements_blocks_methods\src\main\resources
2019-07-30 07:43:20,263 [Worker-14: Rebuilding] INFO  o.e.m.c.i.embedder.EclipseLogger - Using 'UTF-8' encoding to copy filtered resources.
2019-07-30 07:43:20,264 [Worker-14: Rebuilding] INFO  o.e.m.c.i.embedder.EclipseLogger - skip non existing resourceDirectory G:\Java Programming\Software Tools Setup &  First Steps\expressions_statements_blocks_methods\src\test\resources
2019-07-30 07:43:35,419 [Worker-19: Building workspace] INFO  o.e.m.c.i.embedder.EclipseLogger - Using 'UTF-8' encoding to copy filtered resources.
2019-07-30 07:43:35,420 [Worker-19: Building workspace] INFO  o.e.m.c.i.embedder.EclipseLogger - skip non existing resourceDirectory G:\Java Programming\Software Tools Setup &  First Steps\ControlFlow\src\main\resources
2019-07-30 07:43:35,422 [Worker-19: Building workspace] INFO  o.e.m.c.i.embedder.EclipseLogger - Using 'UTF-8' encoding to copy filtered resources.
2019-07-30 07:43:35,423 [Worker-19: Building workspace] INFO  o.e.m.c.i.embedder.EclipseLogger - skip non existing resourceDirectory G:\Java Programming\Software Tools Setup &  First Steps\ControlFlow\src\test\resources
2019-07-30 07:43:35,429 [Worker-19: Building workspace] INFO  o.e.m.c.i.embedder.EclipseLogger - Using 'UTF-8' encoding to copy filtered resources.
2019-07-30 07:43:35,430 [Worker-19: Building workspace] INFO  o.e.m.c.i.embedder.EclipseLogger - skip non existing resourceDirectory G:\Java Programming\Software Tools Setup &  First Steps\expressions_statements_blocks_methods\src\main\resources
2019-07-30 07:43:35,431 [Worker-19: Building workspace] INFO  o.e.m.c.i.embedder.EclipseLogger - Using 'UTF-8' encoding to copy filtered resources.
2019-07-30 07:43:35,432 [Worker-19: Building workspace] INFO  o.e.m.c.i.embedder.EclipseLogger - skip non existing resourceDirectory G:\Java Programming\Software Tools Setup &  First Steps\expressions_statements_blocks_methods\src\test\resources
2019-07-30 07:43:35,439 [Worker-19: Building workspace] INFO  o.e.m.c.i.embedder.EclipseLogger - Using 'UTF-8' encoding to copy filtered resources.
2019-07-30 07:43:35,439 [Worker-19: Building workspace] INFO  o.e.m.c.i.embedder.EclipseLogger - skip non existing resourceDirectory G:\Java Programming\Software Tools Setup &  First Steps\hello_world_app\src\main\resources
2019-07-30 07:43:35,441 [Worker-19: Building workspace] INFO  o.e.m.c.i.embedder.EclipseLogger - Using 'UTF-8' encoding to copy filtered resources.
2019-07-30 07:43:35,441 [Worker-19: Building workspace] INFO  o.e.m.c.i.embedder.EclipseLogger - skip non existing resourceDirectory G:\Java Programming\Software Tools Setup &  First Steps\hello_world_app\src\test\resources
2019-07-30 07:43:35,451 [Worker-19: Building workspace] INFO  o.e.m.c.i.embedder.EclipseLogger - Using 'UTF-8' encoding to copy filtered resources.
2019-07-30 07:43:35,451 [Worker-19: Building workspace] INFO  o.e.m.c.i.embedder.EclipseLogger - skip non existing resourceDirectory G:\Java Programming\Software Tools Setup &  First Steps\variables_datatypes_operators\src\main\resources
2019-07-30 07:43:35,455 [Worker-19: Building workspace] INFO  o.e.m.c.i.embedder.EclipseLogger - Using 'UTF-8' encoding to copy filtered resources.
2019-07-30 07:43:35,455 [Worker-19: Building workspace] INFO  o.e.m.c.i.embedder.EclipseLogger - skip non existing resourceDirectory G:\Java Programming\Software Tools Setup &  First Steps\variables_datatypes_operators\src\test\resources
